app/build/intermediates/manifest_merge_blame_file/release/manifest-merger-blame-release-report.txt
1<?xml version="1.0" encoding="utf-8"?>
2<manifest xmlns:android="http://schemas.android.com/apk/res/android"
3    package="id.lorddev.wisatainaja"
4    android:versionCode="1"
5    android:versionName="1.0" >
6
7    <uses-sdk
8        android:minSdkVersion="21"
8-->src\main\AndroidManifest.xml
9        android:targetSdkVersion="31" />
9-->src\main\AndroidManifest.xml
10
11    <uses-permission android:name="android.permission.INTERNET" />
11-->src\main\AndroidManifest.xml:5:5-67
11-->src\main\AndroidManifest.xml:5:22-64
12    <uses-permission android:name="android.permission.ACCESS_COARSE_LOCATION" />
12-->src\main\AndroidManifest.xml:6:5-81
12-->src\main\AndroidManifest.xml:6:22-78
13    <uses-permission android:name="android.permission.ACCESS_FINE_LOCATION" />
13-->src\main\AndroidManifest.xml:7:5-79
13-->src\main\AndroidManifest.xml:7:22-76
14
15    <!-- Include required permissions for Google Maps API to run. -->
16    <uses-permission android:name="android.permission.ACCESS_NETWORK_STATE" />
16-->[com.google.android.gms:play-services-maps:17.0.0] AndroidManifest.xml:23:5-79
16-->[com.google.android.gms:play-services-maps:17.0.0] AndroidManifest.xml:23:22-76
17
18    <uses-feature
18-->[com.google.android.gms:play-services-maps:17.0.0] AndroidManifest.xml:26:5-28:35
19        android:glEsVersion="0x00020000"
19-->[com.google.android.gms:play-services-maps:17.0.0] AndroidManifest.xml:27:9-41
20        android:required="true" />
20-->[com.google.android.gms:play-services-maps:17.0.0] AndroidManifest.xml:28:9-32
21
22    <application
22-->src\main\AndroidManifest.xml:9:5-38:19
23        android:allowBackup="true"
23-->src\main\AndroidManifest.xml:10:9-35
24        android:appComponentFactory="androidx.core.app.CoreComponentFactory"
24-->[androidx.core:core:1.1.0] AndroidManifest.xml:24:18-86
25        android:icon="@mipmap/ic_launcher"
25-->src\main\AndroidManifest.xml:11:9-43
26        android:label="@string/app_name"
26-->src\main\AndroidManifest.xml:12:9-41
27        android:roundIcon="@mipmap/ic_launcher_round"
27-->src\main\AndroidManifest.xml:13:9-54
28        android:supportsRtl="true"
28-->src\main\AndroidManifest.xml:14:9-35
29        android:theme="@style/AppTheme"
29-->src\main\AndroidManifest.xml:15:9-40
30        android:usesCleartextTraffic="true" >
30-->src\main\AndroidManifest.xml:16:9-44
31        <activity android:name="id.lorddev.wisatainaja.activities.PrayPlaceActivity" />
31-->src\main\AndroidManifest.xml:17:9-88
31-->src\main\AndroidManifest.xml:17:19-85
32        <activity android:name="id.lorddev.wisatainaja.activities.DetailWisataActivity" />
32-->src\main\AndroidManifest.xml:18:9-91
32-->src\main\AndroidManifest.xml:18:19-88
33        <activity android:name="id.lorddev.wisatainaja.activities.WisataActivity" />
33-->src\main\AndroidManifest.xml:19:9-85
33-->src\main\AndroidManifest.xml:19:19-82
34        <activity android:name="id.lorddev.wisatainaja.activities.DetailKulinerActivity" />
34-->src\main\AndroidManifest.xml:20:9-92
34-->src\main\AndroidManifest.xml:20:19-89
35        <activity android:name="id.lorddev.wisatainaja.activities.KulinerActivity" />
35-->src\main\AndroidManifest.xml:21:9-86
35-->src\main\AndroidManifest.xml:21:19-83
36        <activity android:name="id.lorddev.wisatainaja.activities.DetailHotelActivity" />
36-->src\main\AndroidManifest.xml:22:9-90
36-->src\main\AndroidManifest.xml:22:19-87
37        <activity android:name="id.lorddev.wisatainaja.activities.HotelActivity" />
37-->src\main\AndroidManifest.xml:23:9-84
37-->src\main\AndroidManifest.xml:23:19-81
38        <activity android:name="id.lorddev.wisatainaja.activities.MainActivity" >
38-->src\main\AndroidManifest.xml:24:9-30:20
38-->src\main\AndroidManifest.xml:24:19-80
39            <intent-filter>
39-->src\main\AndroidManifest.xml:25:13-29:29
40                <action android:name="android.intent.action.MAIN" />
40-->src\main\AndroidManifest.xml:26:17-69
40-->src\main\AndroidManifest.xml:26:25-66
41
42                <category android:name="android.intent.category.LAUNCHER" />
42-->src\main\AndroidManifest.xml:28:17-77
42-->src\main\AndroidManifest.xml:28:27-74
43            </intent-filter>
44        </activity>
45
46        <meta-data
46-->src\main\AndroidManifest.xml:32:9-34:69
47            android:name="com.google.android.gms.version"
47-->src\main\AndroidManifest.xml:33:13-58
48            android:value="@integer/google_play_services_version" />
48-->src\main\AndroidManifest.xml:34:13-66
49        <meta-data
49-->src\main\AndroidManifest.xml:35:9-37:51
50            android:name="com.google.android.geo.API_KEY"
50-->src\main\AndroidManifest.xml:36:13-58
51            android:value="Google Maps API KEY" />
51-->src\main\AndroidManifest.xml:37:13-48
52        <!-- Needs to be explicitly declared on P+ -->
53        <uses-library
53-->[com.google.android.gms:play-services-maps:17.0.0] AndroidManifest.xml:33:9-35:40
54            android:name="org.apache.http.legacy"
54-->[com.google.android.gms:play-services-maps:17.0.0] AndroidManifest.xml:34:13-50
55            android:required="false" />
55-->[com.google.android.gms:play-services-maps:17.0.0] AndroidManifest.xml:35:13-37
56
57        <activity
57-->[com.google.android.gms:play-services-base:17.0.0] AndroidManifest.xml:23:9-26:75
58            android:name="com.google.android.gms.common.api.GoogleApiActivity"
58-->[com.google.android.gms:play-services-base:17.0.0] AndroidManifest.xml:24:13-79
59            android:exported="false"
59-->[com.google.android.gms:play-services-base:17.0.0] AndroidManifest.xml:25:13-37
60            android:theme="@android:style/Theme.Translucent.NoTitleBar" />
60-->[com.google.android.gms:play-services-base:17.0.0] AndroidManifest.xml:26:13-72
61    </application>
62
63</manifest>